Caching disabled explicitly for mlflow_model_deployer_step.

Step mlflow_model_deployer_step has started.

Daemon functionality is currently not supported on Windows.

Daemon functionality is currently not supported on Windows.

Existing model server found for model with the exact same configuration. Returning the existing service named zenml-model.

Daemon functionality is currently not supported on Windows.

MLflow deployment service started and reachable at:
    None


Stopping existing services...

Calling stop method...


Daemon functionality is currently not supported on Windows.

Daemon functionality is currently not supported on Windows.

Daemon functionality is currently not supported on Windows.

⠋ Stopping service 
'MLFlowDeploymentService[8be97d87-f4db-4e3f-8cf5-9c471ea449c3] (type: 
model-serving, flavor: mlflow)'.


stop method executed successfully.

Daemon functionality is currently not supported on Windows.

Step mlflow_model_deployer_step has finished in 0.146s.

Step mlflow_model_deployer_step completed successfully.

